<?xml version="1.0" encoding="UTF-8"?>
<!-- Generated by org.testng.reporters.JUnitReportReporter -->
<testsuite hostname="User-PC" name="com.powerhouse.testcases.ImageUpload" tests="2" failures="0" timestamp="5 Sep 2017 08:57:42 GMT" time="3.501" errors="0">
  <testcase name="clearingIMage" time="0.091" classname="com.powerhouse.testcases.ImageUpload"/>
  <testcase name="addingCoverImage" time="3.410" classname="com.powerhouse.testcases.ImageUpload"/>
</testsuite> <!-- com.powerhouse.testcases.ImageUpload -->
